<?xml version="1.0" encoding="UTF-8"?>
<!-- Generated by org.testng.reporters.JUnitReportReporter -->
<testsuite skipped="0" hostname="Lenovo-PC" name="ExtentReportScreenShot.Test.AppTest" tests="1" failures="0" timestamp="12 Apr 2020 18:06:43 GMT" time="155.995" errors="0">
  <testcase name="verifyTitle" time="155.995" classname="ExtentReportScreenShot.Test.AppTest"/>
</testsuite> <!-- ExtentReportScreenShot.Test.AppTest -->
